{"level":"INFO","time":"2022-04-14T09:48:50.642+0800","caller":"create/create.go:54","msg":"Succeed to create value -- 6375958"}
{"level":"INFO","time":"2022-04-14T09:48:51.649+0800","caller":"create/create.go:54","msg":"Succeed to create value -- 7041772"}
{"level":"INFO","time":"2022-04-14T09:48:52.655+0800","caller":"create/create.go:54","msg":"Succeed to create value -- 1804672"}
{"level":"INFO","time":"2022-04-14T09:48:53.670+0800","caller":"create/create.go:54","msg":"Succeed to create value -- 4327710"}
{"level":"INFO","time":"2022-04-14T09:48:54.681+0800","caller":"create/create.go:54","msg":"Succeed to create value -- 6168606"}
{"level":"INFO","time":"2022-04-14T09:48:55.685+0800","caller":"create/create.go:54","msg":"Succeed to create value -- 5425974"}
{"level":"INFO","time":"2022-04-14T09:48:56.693+0800","caller":"create/create.go:54","msg":"Succeed to create value -- 7457772"}
{"level":"INFO","time":"2022-04-14T09:48:57.706+0800","caller":"create/create.go:54","msg":"Succeed to create value -- 4734678"}
{"level":"INFO","time":"2022-04-14T09:48:58.717+0800","caller":"create/create.go:54","msg":"Succeed to create value -- 4847359"}
{"level":"INFO","time":"2022-04-14T09:48:59.731+0800","caller":"create/create.go:54","msg":"Succeed to create value -- 6528529"}
{"level":"INFO","time":"2022-04-14T09:49:00.745+0800","caller":"create/create.go:54","msg":"Succeed to create value -- 3495361"}
{"level":"INFO","time":"2022-04-14T09:49:01.760+0800","caller":"create/create.go:54","msg":"Succeed to create value -- 3444419"}
{"level":"INFO","time":"2022-04-14T09:49:02.771+0800","caller":"create/create.go:54","msg":"Succeed to create value -- 4580546"}
{"level":"INFO","time":"2022-04-14T09:49:03.785+0800","caller":"create/create.go:54","msg":"Succeed to create value -- 3886499"}
{"level":"INFO","time":"2022-04-14T11:43:17.787+0800","caller":"create/create.go:60","msg":"Succeed to create value -- 5887340"}
{"level":"INFO","time":"2022-04-14T11:43:18.793+0800","caller":"create/create.go:60","msg":"Succeed to create value -- 5575930"}
{"level":"INFO","time":"2022-04-14T12:56:59.282+0800","caller":"create/create.go:60","msg":"Succeed to create value -- 2200445"}
{"level":"INFO","time":"2022-04-14T12:57:00.293+0800","caller":"create/create.go:60","msg":"Succeed to create value -- 6791862"}
{"level":"INFO","time":"2022-04-14T12:57:01.308+0800","caller":"create/create.go:60","msg":"Succeed to create value -- 4013185"}
{"level":"INFO","time":"2022-04-14T12:57:02.315+0800","caller":"create/create.go:60","msg":"Succeed to create value -- 4652521"}
{"level":"INFO","time":"2022-04-14T12:57:03.329+0800","caller":"create/create.go:60","msg":"Succeed to create value -- 6629258"}
{"level":"INFO","time":"2022-04-14T12:57:04.336+0800","caller":"create/create.go:60","msg":"Succeed to create value -- 4929044"}
{"level":"INFO","time":"2022-04-14T12:57:05.346+0800","caller":"create/create.go:60","msg":"Succeed to create value -- 6267546"}
{"level":"INFO","time":"2022-04-14T12:57:06.355+0800","caller":"create/create.go:60","msg":"Succeed to create value -- 3382472"}
{"level":"INFO","time":"2022-04-14T12:57:07.365+0800","caller":"create/create.go:60","msg":"Succeed to create value -- 4499090"}
{"level":"INFO","time":"2022-04-14T12:57:08.375+0800","caller":"create/create.go:60","msg":"Succeed to create value -- 4694495"}
{"level":"INFO","time":"2022-04-14T12:57:09.386+0800","caller":"create/create.go:60","msg":"Succeed to create value -- 4486609"}
{"level":"INFO","time":"2022-04-14T12:57:10.396+0800","caller":"create/create.go:60","msg":"Succeed to create value -- 6294310"}
{"level":"INFO","time":"2022-04-14T12:57:11.407+0800","caller":"create/create.go:60","msg":"Succeed to create value -- 6251807"}
{"level":"INFO","time":"2022-04-14T12:57:12.418+0800","caller":"create/create.go:60","msg":"Succeed to create value -- 3589556"}
{"level":"INFO","time":"2022-04-14T12:57:13.425+0800","caller":"create/create.go:60","msg":"Succeed to create value -- 1214009"}
{"level":"INFO","time":"2022-04-14T12:57:14.432+0800","caller":"create/create.go:60","msg":"Succeed to create value -- 3992309"}
{"level":"INFO","time":"2022-04-14T12:57:15.442+0800","caller":"create/create.go:60","msg":"Succeed to create value -- 4278738"}
{"level":"INFO","time":"2022-04-14T12:57:16.452+0800","caller":"create/create.go:60","msg":"Succeed to create value -- 3583259"}
{"level":"INFO","time":"2022-04-14T12:57:17.469+0800","caller":"create/create.go:60","msg":"Succeed to create value -- 2413936"}
{"level":"INFO","time":"2022-04-14T12:57:18.478+0800","caller":"create/create.go:60","msg":"Succeed to create value -- 5221392"}
{"level":"INFO","time":"2022-04-14T12:57:19.488+0800","caller":"create/create.go:60","msg":"Succeed to create value -- 4099351"}
{"level":"INFO","time":"2022-04-14T12:57:20.493+0800","caller":"create/create.go:60","msg":"Succeed to create value -- 5589500"}
{"level":"INFO","time":"2022-04-14T12:57:21.498+0800","caller":"create/create.go:60","msg":"Succeed to create value -- 2150523"}
{"level":"INFO","time":"2022-04-14T12:57:22.507+0800","caller":"create/create.go:60","msg":"Succeed to create value -- 3654440"}
{"level":"INFO","time":"2022-04-14T12:57:23.515+0800","caller":"create/create.go:60","msg":"Succeed to create value -- 5138960"}
{"level":"INFO","time":"2022-04-14T12:57:24.524+0800","caller":"create/create.go:60","msg":"Succeed to create value -- 6493785"}
{"level":"INFO","time":"2022-04-14T12:57:25.529+0800","caller":"create/create.go:60","msg":"Succeed to create value -- 4846019"}
{"level":"INFO","time":"2022-04-14T12:57:26.534+0800","caller":"create/create.go:60","msg":"Succeed to create value -- 4793415"}
{"level":"INFO","time":"2022-04-14T14:41:55.535+0800","caller":"create/create.go:60","msg":"Succeed to create value -- 6094190"}
{"level":"INFO","time":"2022-04-14T14:41:56.545+0800","caller":"create/create.go:60","msg":"Succeed to create value -- 918254"}
{"level":"INFO","time":"2022-04-14T14:41:57.551+0800","caller":"create/create.go:60","msg":"Succeed to create value -- 5668425"}
{"level":"INFO","time":"2022-04-14T14:41:58.564+0800","caller":"create/create.go:60","msg":"Succeed to create value -- 3495993"}
{"level":"INFO","time":"2022-04-14T14:41:59.581+0800","caller":"create/create.go:60","msg":"Succeed to create value -- 8113743"}
{"level":"INFO","time":"2022-04-14T14:42:00.587+0800","caller":"create/create.go:60","msg":"Succeed to create value -- 3699265"}
{"level":"INFO","time":"2022-04-14T14:42:01.602+0800","caller":"create/create.go:60","msg":"Succeed to create value -- 5132060"}
{"level":"INFO","time":"2022-04-14T14:42:02.611+0800","caller":"create/create.go:60","msg":"Succeed to create value -- 5253938"}
{"level":"INFO","time":"2022-04-14T14:42:03.614+0800","caller":"create/create.go:60","msg":"Succeed to create value -- 7223368"}
{"level":"INFO","time":"2022-04-14T14:42:04.616+0800","caller":"create/create.go:60","msg":"Succeed to create value -- 5257309"}
{"level":"INFO","time":"2022-04-14T14:42:05.620+0800","caller":"create/create.go:60","msg":"Succeed to create value -- 7591016"}
{"level":"INFO","time":"2022-04-14T14:42:06.623+0800","caller":"create/create.go:60","msg":"Succeed to create value -- 2930051"}
{"level":"INFO","time":"2022-04-14T14:42:07.627+0800","caller":"create/create.go:60","msg":"Succeed to create value -- 3990257"}
{"level":"INFO","time":"2022-04-14T14:42:08.629+0800","caller":"create/create.go:60","msg":"Succeed to create value -- 5818726"}
{"level":"INFO","time":"2022-04-14T14:42:09.634+0800","caller":"create/create.go:60","msg":"Succeed to create value -- 6657309"}
{"level":"INFO","time":"2022-04-14T14:42:10.642+0800","caller":"create/create.go:60","msg":"Succeed to create value -- 5767929"}
{"level":"INFO","time":"2022-04-14T14:42:11.643+0800","caller":"create/create.go:60","msg":"Succeed to create value -- 5782310"}
{"level":"INFO","time":"2022-04-14T14:42:12.647+0800","caller":"create/create.go:60","msg":"Succeed to create value -- 6707630"}
{"level":"INFO","time":"2022-04-14T14:42:13.649+0800","caller":"create/create.go:60","msg":"Succeed to create value -- 4727390"}
{"level":"INFO","time":"2022-04-14T14:42:14.652+0800","caller":"create/create.go:60","msg":"Succeed to create value -- 3407234"}
{"level":"INFO","time":"2022-04-14T14:42:15.657+0800","caller":"create/create.go:60","msg":"Succeed to create value -- 5874117"}
{"level":"INFO","time":"2022-04-14T14:42:16.664+0800","caller":"create/create.go:60","msg":"Succeed to create value -- 9044941"}
{"level":"INFO","time":"2022-04-14T14:42:17.670+0800","caller":"create/create.go:60","msg":"Succeed to create value -- 3985172"}
{"level":"INFO","time":"2022-04-14T14:42:18.673+0800","caller":"create/create.go:60","msg":"Succeed to create value -- 3462556"}
{"level":"INFO","time":"2022-04-14T14:42:19.687+0800","caller":"create/create.go:60","msg":"Succeed to create value -- 4397488"}
{"level":"INFO","time":"2022-04-14T14:42:20.692+0800","caller":"create/create.go:60","msg":"Succeed to create value -- 6294087"}
{"level":"INFO","time":"2022-04-14T14:42:21.694+0800","caller":"create/create.go:60","msg":"Succeed to create value -- 212841"}
{"level":"INFO","time":"2022-04-14T14:42:22.702+0800","caller":"create/create.go:60","msg":"Succeed to create value -- 6620270"}
{"level":"INFO","time":"2022-04-14T14:42:23.704+0800","caller":"create/create.go:60","msg":"Succeed to create value -- 4719147"}
{"level":"INFO","time":"2022-04-14T14:42:24.711+0800","caller":"create/create.go:60","msg":"Succeed to create value -- 9097353"}
{"level":"INFO","time":"2022-04-14T14:42:25.723+0800","caller":"create/create.go:60","msg":"Succeed to create value -- 6365656"}
{"level":"INFO","time":"2022-04-14T14:42:26.729+0800","caller":"create/create.go:60","msg":"Succeed to create value -- 5778177"}
{"level":"INFO","time":"2022-04-14T14:42:27.735+0800","caller":"create/create.go:60","msg":"Succeed to create value -- 5573493"}
{"level":"INFO","time":"2022-04-14T14:42:28.740+0800","caller":"create/create.go:60","msg":"Succeed to create value -- 3020658"}
{"level":"INFO","time":"2022-04-14T14:42:29.744+0800","caller":"create/create.go:60","msg":"Succeed to create value -- 3303827"}
{"level":"INFO","time":"2022-04-14T14:42:30.751+0800","caller":"create/create.go:60","msg":"Succeed to create value -- 5736453"}
{"level":"INFO","time":"2022-04-14T14:42:31.759+0800","caller":"create/create.go:60","msg":"Succeed to create value -- 4768240"}
{"level":"INFO","time":"2022-04-14T14:42:32.776+0800","caller":"create/create.go:60","msg":"Succeed to create value -- 3804278"}
{"level":"INFO","time":"2022-04-14T14:42:33.783+0800","caller":"create/create.go:60","msg":"Succeed to create value -- 3373419"}
{"level":"INFO","time":"2022-04-14T14:42:34.789+0800","caller":"create/create.go:60","msg":"Succeed to create value -- 3431747"}
{"level":"INFO","time":"2022-04-14T14:42:35.793+0800","caller":"create/create.go:60","msg":"Succeed to create value -- 6343061"}
{"level":"INFO","time":"2022-04-14T14:42:36.795+0800","caller":"create/create.go:60","msg":"Succeed to create value -- 5768217"}
{"level":"INFO","time":"2022-04-14T14:42:37.800+0800","caller":"create/create.go:60","msg":"Succeed to create value -- 2216862"}
{"level":"INFO","time":"2022-04-14T14:42:38.811+0800","caller":"create/create.go:60","msg":"Succeed to create value -- 5603712"}
{"level":"INFO","time":"2022-04-14T14:42:39.820+0800","caller":"create/create.go:60","msg":"Succeed to create value -- 4545619"}
{"level":"INFO","time":"2022-04-14T14:42:40.824+0800","caller":"create/create.go:60","msg":"Succeed to create value -- 9204502"}
{"level":"INFO","time":"2022-04-14T14:42:41.825+0800","caller":"create/create.go:60","msg":"Succeed to create value -- 5234789"}
{"level":"INFO","time":"2022-04-14T14:42:42.837+0800","caller":"create/create.go:60","msg":"Succeed to create value -- 4634056"}
{"level":"INFO","time":"2022-04-14T14:42:43.848+0800","caller":"create/create.go:60","msg":"Succeed to create value -- 5302135"}
{"level":"INFO","time":"2022-04-14T14:42:44.856+0800","caller":"create/create.go:60","msg":"Succeed to create value -- 3342726"}
{"level":"INFO","time":"2022-04-14T14:42:45.865+0800","caller":"create/create.go:60","msg":"Succeed to create value -- 7054958"}
{"level":"INFO","time":"2022-04-14T14:42:50.896+0800","caller":"create/create.go:60","msg":"Succeed to create value -- 2436650"}
{"level":"INFO","time":"2022-04-14T14:42:51.908+0800","caller":"create/create.go:60","msg":"Succeed to create value -- 4199773"}
{"level":"INFO","time":"2022-04-14T22:49:36.972+0800","caller":"create/create.go:60","msg":"Succeed to create value -- 3445656"}
{"level":"INFO","time":"2022-04-14T22:49:37.983+0800","caller":"create/create.go:60","msg":"Succeed to create value -- 6315769"}
{"level":"INFO","time":"2022-04-14T22:49:38.985+0800","caller":"create/create.go:60","msg":"Succeed to create value -- 2489461"}
{"level":"INFO","time":"2022-04-14T22:49:39.990+0800","caller":"create/create.go:60","msg":"Succeed to create value -- 5220709"}
{"level":"INFO","time":"2022-04-14T22:49:40.998+0800","caller":"create/create.go:60","msg":"Succeed to create value -- 4384541"}
{"level":"INFO","time":"2022-04-14T22:49:42.004+0800","caller":"create/create.go:60","msg":"Succeed to create value -- 4303275"}
{"level":"INFO","time":"2022-04-14T22:49:43.014+0800","caller":"create/create.go:60","msg":"Succeed to create value -- 7672858"}
{"level":"INFO","time":"2022-04-14T22:49:44.052+0800","caller":"create/create.go:60","msg":"Succeed to create value -- 4178342"}
{"level":"INFO","time":"2022-04-14T22:49:45.082+0800","caller":"create/create.go:60","msg":"Succeed to create value -- 7737670"}
{"level":"INFO","time":"2022-04-14T22:49:46.095+0800","caller":"create/create.go:60","msg":"Succeed to create value -- 3165285"}
{"level":"INFO","time":"2022-04-14T22:49:47.105+0800","caller":"create/create.go:60","msg":"Succeed to create value -- 4785363"}
{"level":"INFO","time":"2022-04-14T22:49:48.114+0800","caller":"create/create.go:60","msg":"Succeed to create value -- 6171915"}
{"level":"INFO","time":"2022-04-14T22:49:49.124+0800","caller":"create/create.go:60","msg":"Succeed to create value -- 5446268"}
{"level":"INFO","time":"2022-04-14T22:49:50.128+0800","caller":"create/create.go:60","msg":"Succeed to create value -- 4704515"}
{"level":"INFO","time":"2022-04-14T22:49:51.141+0800","caller":"create/create.go:60","msg":"Succeed to create value -- 3801646"}
{"level":"INFO","time":"2022-04-14T22:49:52.149+0800","caller":"create/create.go:60","msg":"Succeed to create value -- 5380234"}
{"level":"INFO","time":"2022-04-14T22:49:53.153+0800","caller":"create/create.go:60","msg":"Succeed to create value -- 2678265"}
{"level":"INFO","time":"2022-04-14T22:49:54.157+0800","caller":"create/create.go:60","msg":"Succeed to create value -- 4373009"}
{"level":"INFO","time":"2022-04-14T22:49:55.169+0800","caller":"create/create.go:60","msg":"Succeed to create value -- 2179908"}
{"level":"INFO","time":"2022-04-14T22:50:50.046+0800","caller":"create/create.go:60","msg":"Succeed to create value -- 1909813"}
{"level":"INFO","time":"2022-04-14T22:50:51.058+0800","caller":"create/create.go:60","msg":"Succeed to create value -- 2210612"}
{"level":"INFO","time":"2022-04-14T22:51:35.739+0800","caller":"create/create.go:60","msg":"Succeed to create value -- 6817723"}
{"level":"INFO","time":"2022-04-14T22:51:36.756+0800","caller":"create/create.go:60","msg":"Succeed to create value -- 9427016"}
{"level":"INFO","time":"2022-04-14T22:51:37.763+0800","caller":"create/create.go:60","msg":"Succeed to create value -- 4744158"}
{"level":"INFO","time":"2022-04-14T22:51:38.769+0800","caller":"create/create.go:60","msg":"Succeed to create value -- 5288286"}
{"level":"INFO","time":"2022-04-14T22:51:39.775+0800","caller":"create/create.go:60","msg":"Succeed to create value -- 2481646"}
{"level":"INFO","time":"2022-04-14T22:51:40.792+0800","caller":"create/create.go:60","msg":"Succeed to create value -- 2989262"}
{"level":"INFO","time":"2022-04-14T22:51:41.801+0800","caller":"create/create.go:60","msg":"Succeed to create value -- 5465930"}
{"level":"INFO","time":"2022-04-14T22:51:42.811+0800","caller":"create/create.go:60","msg":"Succeed to create value -- 6231244"}
{"level":"INFO","time":"2022-04-14T22:51:43.826+0800","caller":"create/create.go:60","msg":"Succeed to create value -- 5785415"}
{"level":"INFO","time":"2022-04-14T22:51:44.829+0800","caller":"create/create.go:60","msg":"Succeed to create value -- 766175"}
{"level":"INFO","time":"2022-04-14T22:51:45.840+0800","caller":"create/create.go:60","msg":"Succeed to create value -- 7757091"}
{"level":"INFO","time":"2022-04-14T22:51:46.847+0800","caller":"create/create.go:60","msg":"Succeed to create value -- 2709446"}
{"level":"INFO","time":"2022-04-14T22:52:29.499+0800","caller":"create/create.go:60","msg":"Succeed to create value -- 7487216"}
{"level":"INFO","time":"2022-04-14T22:52:30.508+0800","caller":"create/create.go:60","msg":"Succeed to create value -- 5473627"}
{"level":"INFO","time":"2022-04-14T22:53:18.347+0800","caller":"create/create.go:60","msg":"Succeed to create value -- 4981992"}
{"level":"INFO","time":"2022-04-14T22:53:19.350+0800","caller":"create/create.go:60","msg":"Succeed to create value -- 5045354"}
{"level":"INFO","time":"2022-04-14T22:53:20.366+0800","caller":"create/create.go:60","msg":"Succeed to create value -- 4492124"}
{"level":"INFO","time":"2022-04-14T22:54:42.092+0800","caller":"create/create.go:62","msg":"Succeed to create value -- [123 34 86 97 108 117 101 34 58 51 57 54 50 49 51 55 44 34 67 114 101 97 116 101 84 105 109 101 34 58 34 50 48 50 50 45 48 52 45 49 52 84 50 50 58 53 52 58 52 50 46 48 57 50 51 53 53 52 43 48 56 58 48 48 34 125]"}
{"level":"INFO","time":"2022-04-14T22:54:43.101+0800","caller":"create/create.go:62","msg":"Succeed to create value -- [123 34 86 97 108 117 101 34 58 51 54 53 52 56 55 57 44 34 67 114 101 97 116 101 84 105 109 101 34 58 34 50 48 50 50 45 48 52 45 49 52 84 50 50 58 53 52 58 52 51 46 49 48 49 53 52 51 55 43 48 56 58 48 48 34 125]"}
{"level":"INFO","time":"2022-04-14T22:54:44.111+0800","caller":"create/create.go:62","msg":"Succeed to create value -- [123 34 86 97 108 117 101 34 58 55 57 53 56 57 49 56 44 34 67 114 101 97 116 101 84 105 109 101 34 58 34 50 48 50 50 45 48 52 45 49 52 84 50 50 58 53 52 58 52 52 46 49 49 49 53 52 57 55 43 48 56 58 48 48 34 125]"}
{"level":"INFO","time":"2022-04-14T22:54:45.113+0800","caller":"create/create.go:62","msg":"Succeed to create value -- [123 34 86 97 108 117 101 34 58 51 52 51 50 50 48 55 44 34 67 114 101 97 116 101 84 105 109 101 34 58 34 50 48 50 50 45 48 52 45 49 52 84 50 50 58 53 52 58 52 53 46 49 49 51 52 51 52 43 48 56 58 48 48 34 125]"}
{"level":"INFO","time":"2022-04-14T22:54:46.117+0800","caller":"create/create.go:62","msg":"Succeed to create value -- [123 34 86 97 108 117 101 34 58 51 52 50 54 55 55 52 44 34 67 114 101 97 116 101 84 105 109 101 34 58 34 50 48 50 50 45 48 52 45 49 52 84 50 50 58 53 52 58 52 54 46 49 49 55 50 51 57 49 43 48 56 58 48 48 34 125]"}
{"level":"INFO","time":"2022-04-14T22:54:47.122+0800","caller":"create/create.go:62","msg":"Succeed to create value -- [123 34 86 97 108 117 101 34 58 55 55 53 49 48 55 56 44 34 67 114 101 97 116 101 84 105 109 101 34 58 34 50 48 50 50 45 48 52 45 49 52 84 50 50 58 53 52 58 52 55 46 49 50 50 51 56 52 51 43 48 56 58 48 48 34 125]"}
{"level":"INFO","time":"2022-04-14T22:54:48.128+0800","caller":"create/create.go:62","msg":"Succeed to create value -- [123 34 86 97 108 117 101 34 58 54 52 51 56 55 55 57 44 34 67 114 101 97 116 101 84 105 109 101 34 58 34 50 48 50 50 45 48 52 45 49 52 84 50 50 58 53 52 58 52 56 46 49 50 56 53 57 53 54 43 48 56 58 48 48 34 125]"}
{"level":"INFO","time":"2022-04-14T22:54:49.137+0800","caller":"create/create.go:62","msg":"Succeed to create value -- [123 34 86 97 108 117 101 34 58 52 48 49 53 48 57 53 44 34 67 114 101 97 116 101 84 105 109 101 34 58 34 50 48 50 50 45 48 52 45 49 52 84 50 50 58 53 52 58 52 57 46 49 51 54 51 56 53 54 43 48 56 58 48 48 34 125]"}
{"level":"INFO","time":"2022-04-14T23:00:57.049+0800","caller":"create/create.go:60","msg":"Succeed to create value -- 2428335"}
{"level":"INFO","time":"2022-04-14T23:00:58.052+0800","caller":"create/create.go:60","msg":"Succeed to create value -- 2292493"}
{"level":"INFO","time":"2022-04-14T23:00:59.057+0800","caller":"create/create.go:60","msg":"Succeed to create value -- 6352943"}
{"level":"INFO","time":"2022-04-14T23:01:00.065+0800","caller":"create/create.go:60","msg":"Succeed to create value -- 4594192"}
{"level":"INFO","time":"2022-04-14T23:01:01.068+0800","caller":"create/create.go:60","msg":"Succeed to create value -- 4761344"}
{"level":"INFO","time":"2022-04-14T23:01:02.076+0800","caller":"create/create.go:60","msg":"Succeed to create value -- 3013255"}
{"level":"INFO","time":"2022-04-14T23:01:03.080+0800","caller":"create/create.go:60","msg":"Succeed to create value -- 5662170"}
{"level":"INFO","time":"2022-04-14T23:01:04.087+0800","caller":"create/create.go:60","msg":"Succeed to create value -- 5419934"}
{"level":"INFO","time":"2022-04-14T23:01:05.091+0800","caller":"create/create.go:60","msg":"Succeed to create value -- 8761441"}
{"level":"INFO","time":"2022-04-14T23:01:06.104+0800","caller":"create/create.go:60","msg":"Succeed to create value -- 3685358"}
{"level":"INFO","time":"2022-04-14T23:01:07.106+0800","caller":"create/create.go:60","msg":"Succeed to create value -- 5929814"}
{"level":"INFO","time":"2022-04-14T23:01:08.114+0800","caller":"create/create.go:60","msg":"Succeed to create value -- 4347957"}
{"level":"INFO","time":"2022-04-14T23:01:09.127+0800","caller":"create/create.go:60","msg":"Succeed to create value -- 4370565"}
{"level":"INFO","time":"2022-04-14T23:01:10.137+0800","caller":"create/create.go:60","msg":"Succeed to create value -- 4443731"}
{"level":"INFO","time":"2022-04-14T23:01:11.144+0800","caller":"create/create.go:60","msg":"Succeed to create value -- 5666087"}
{"level":"INFO","time":"2022-04-14T23:01:12.149+0800","caller":"create/create.go:60","msg":"Succeed to create value -- 4290602"}
{"level":"INFO","time":"2022-04-14T23:01:13.156+0800","caller":"create/create.go:60","msg":"Succeed to create value -- 4944393"}
{"level":"INFO","time":"2022-04-14T23:01:14.163+0800","caller":"create/create.go:60","msg":"Succeed to create value -- 1999331"}
{"level":"INFO","time":"2022-04-14T23:01:15.167+0800","caller":"create/create.go:60","msg":"Succeed to create value -- 5045597"}
{"level":"INFO","time":"2022-04-14T23:01:16.175+0800","caller":"create/create.go:60","msg":"Succeed to create value -- 4109977"}
{"level":"INFO","time":"2022-04-14T23:01:17.179+0800","caller":"create/create.go:60","msg":"Succeed to create value -- 4452852"}
{"level":"INFO","time":"2022-04-14T23:01:18.189+0800","caller":"create/create.go:60","msg":"Succeed to create value -- 4791466"}
{"level":"INFO","time":"2022-04-14T23:01:19.206+0800","caller":"create/create.go:60","msg":"Succeed to create value -- 5851440"}
{"level":"INFO","time":"2022-04-14T23:01:20.221+0800","caller":"create/create.go:60","msg":"Succeed to create value -- 5250689"}
{"level":"INFO","time":"2022-04-14T23:01:21.235+0800","caller":"create/create.go:60","msg":"Succeed to create value -- 1716983"}
{"level":"INFO","time":"2022-04-14T23:01:22.242+0800","caller":"create/create.go:60","msg":"Succeed to create value -- 5788309"}
{"level":"INFO","time":"2022-04-14T23:01:23.256+0800","caller":"create/create.go:60","msg":"Succeed to create value -- 4059146"}
{"level":"INFO","time":"2022-04-14T23:01:24.266+0800","caller":"create/create.go:60","msg":"Succeed to create value -- 4651051"}
{"level":"INFO","time":"2022-04-14T23:01:25.275+0800","caller":"create/create.go:60","msg":"Succeed to create value -- 4331339"}
{"level":"INFO","time":"2022-04-14T23:01:26.287+0800","caller":"create/create.go:60","msg":"Succeed to create value -- 7113126"}
{"level":"INFO","time":"2022-04-14T23:01:27.292+0800","caller":"create/create.go:60","msg":"Succeed to create value -- 7131431"}
{"level":"INFO","time":"2022-04-14T23:01:28.304+0800","caller":"create/create.go:60","msg":"Succeed to create value -- 4732076"}
{"level":"INFO","time":"2022-04-14T23:01:29.310+0800","caller":"create/create.go:60","msg":"Succeed to create value -- 5703022"}
{"level":"INFO","time":"2022-04-14T23:01:30.323+0800","caller":"create/create.go:60","msg":"Succeed to create value -- 4107048"}
{"level":"INFO","time":"2022-04-14T23:01:31.332+0800","caller":"create/create.go:60","msg":"Succeed to create value -- 4495342"}
{"level":"INFO","time":"2022-04-14T23:01:32.342+0800","caller":"create/create.go:60","msg":"Succeed to create value -- 4444100"}
{"level":"INFO","time":"2022-04-14T23:01:33.352+0800","caller":"create/create.go:60","msg":"Succeed to create value -- 6095033"}
{"level":"INFO","time":"2022-04-14T23:01:34.365+0800","caller":"create/create.go:60","msg":"Succeed to create value -- 4735795"}
{"level":"INFO","time":"2022-04-14T23:01:35.376+0800","caller":"create/create.go:60","msg":"Succeed to create value -- 4841149"}
{"level":"INFO","time":"2022-04-14T23:01:36.389+0800","caller":"create/create.go:60","msg":"Succeed to create value -- 5550814"}
{"level":"INFO","time":"2022-04-14T23:01:37.400+0800","caller":"create/create.go:60","msg":"Succeed to create value -- 2783848"}
{"level":"INFO","time":"2022-04-14T23:01:38.412+0800","caller":"create/create.go:60","msg":"Succeed to create value -- 6004182"}
{"level":"INFO","time":"2022-04-14T23:01:39.423+0800","caller":"create/create.go:60","msg":"Succeed to create value -- 5844225"}
{"level":"INFO","time":"2022-04-14T23:01:40.430+0800","caller":"create/create.go:60","msg":"Succeed to create value -- 5156716"}
{"level":"INFO","time":"2022-04-14T23:01:41.440+0800","caller":"create/create.go:60","msg":"Succeed to create value -- 2572682"}
{"level":"INFO","time":"2022-04-14T23:01:42.451+0800","caller":"create/create.go:60","msg":"Succeed to create value -- 4719488"}
{"level":"INFO","time":"2022-04-14T23:01:43.461+0800","caller":"create/create.go:60","msg":"Succeed to create value -- 3491343"}
{"level":"INFO","time":"2022-04-14T23:01:44.474+0800","caller":"create/create.go:60","msg":"Succeed to create value -- 4259040"}
{"level":"INFO","time":"2022-04-14T23:01:45.484+0800","caller":"create/create.go:60","msg":"Succeed to create value -- 3889184"}
{"level":"INFO","time":"2022-04-14T23:01:46.489+0800","caller":"create/create.go:60","msg":"Succeed to create value -- 8527572"}
{"level":"INFO","time":"2022-04-14T23:01:47.500+0800","caller":"create/create.go:60","msg":"Succeed to create value -- 2636938"}
{"level":"INFO","time":"2022-04-14T23:01:48.504+0800","caller":"create/create.go:60","msg":"Succeed to create value -- 1953182"}
{"level":"INFO","time":"2022-04-14T23:01:49.509+0800","caller":"create/create.go:60","msg":"Succeed to create value -- 4438732"}
{"level":"INFO","time":"2022-04-14T23:01:50.517+0800","caller":"create/create.go:60","msg":"Succeed to create value -- 4907192"}
{"level":"INFO","time":"2022-04-14T23:01:51.526+0800","caller":"create/create.go:60","msg":"Succeed to create value -- 5747495"}
{"level":"INFO","time":"2022-04-14T23:01:52.533+0800","caller":"create/create.go:60","msg":"Succeed to create value -- 5160961"}
{"level":"INFO","time":"2022-04-14T23:01:53.543+0800","caller":"create/create.go:60","msg":"Succeed to create value -- 6059303"}
{"level":"INFO","time":"2022-04-14T23:01:54.558+0800","caller":"create/create.go:60","msg":"Succeed to create value -- 2614309"}
{"level":"INFO","time":"2022-04-14T23:01:55.565+0800","caller":"create/create.go:60","msg":"Succeed to create value -- 4849790"}
{"level":"INFO","time":"2022-04-14T23:01:56.579+0800","caller":"create/create.go:60","msg":"Succeed to create value -- 3605378"}
{"level":"INFO","time":"2022-04-14T23:01:57.582+0800","caller":"create/create.go:60","msg":"Succeed to create value -- 6046204"}
{"level":"INFO","time":"2022-04-14T23:01:58.591+0800","caller":"create/create.go:60","msg":"Succeed to create value -- 10745907"}
{"level":"INFO","time":"2022-04-14T23:01:59.601+0800","caller":"create/create.go:60","msg":"Succeed to create value -- 3967071"}
{"level":"INFO","time":"2022-04-14T23:02:00.605+0800","caller":"create/create.go:60","msg":"Succeed to create value -- 5090625"}
{"level":"INFO","time":"2022-04-14T23:02:01.616+0800","caller":"create/create.go:60","msg":"Succeed to create value -- 6504052"}
{"level":"INFO","time":"2022-04-14T23:02:02.625+0800","caller":"create/create.go:60","msg":"Succeed to create value -- 3718868"}
{"level":"INFO","time":"2022-04-14T23:02:03.638+0800","caller":"create/create.go:60","msg":"Succeed to create value -- 6597323"}
{"level":"INFO","time":"2022-04-14T23:02:04.644+0800","caller":"create/create.go:60","msg":"Succeed to create value -- 5968504"}
{"level":"INFO","time":"2022-04-14T23:02:05.654+0800","caller":"create/create.go:60","msg":"Succeed to create value -- 4780530"}
{"level":"INFO","time":"2022-04-14T23:02:06.665+0800","caller":"create/create.go:60","msg":"Succeed to create value -- 5364760"}
{"level":"INFO","time":"2022-04-14T23:02:07.679+0800","caller":"create/create.go:60","msg":"Succeed to create value -- 4175666"}
{"level":"INFO","time":"2022-04-14T23:02:08.685+0800","caller":"create/create.go:60","msg":"Succeed to create value -- 1785268"}
{"level":"INFO","time":"2022-04-14T23:02:09.696+0800","caller":"create/create.go:60","msg":"Succeed to create value -- 4809260"}
{"level":"INFO","time":"2022-04-14T23:02:10.707+0800","caller":"create/create.go:60","msg":"Succeed to create value -- 3918058"}
{"level":"INFO","time":"2022-04-14T23:02:11.715+0800","caller":"create/create.go:60","msg":"Succeed to create value -- 7848388"}
{"level":"INFO","time":"2022-04-14T23:02:12.727+0800","caller":"create/create.go:60","msg":"Succeed to create value -- 6730934"}
{"level":"INFO","time":"2022-04-14T23:02:13.742+0800","caller":"create/create.go:60","msg":"Succeed to create value -- 4462878"}
{"level":"INFO","time":"2022-04-14T23:02:14.746+0800","caller":"create/create.go:60","msg":"Succeed to create value -- 7542215"}
{"level":"INFO","time":"2022-04-14T23:02:15.760+0800","caller":"create/create.go:60","msg":"Succeed to create value -- 5934424"}
{"level":"INFO","time":"2022-04-14T23:02:16.776+0800","caller":"create/create.go:60","msg":"Succeed to create value -- 3464847"}
{"level":"INFO","time":"2022-04-14T23:02:17.779+0800","caller":"create/create.go:60","msg":"Succeed to create value -- 1727299"}
{"level":"INFO","time":"2022-04-14T23:02:18.793+0800","caller":"create/create.go:60","msg":"Succeed to create value -- 6376888"}
{"level":"INFO","time":"2022-04-14T23:02:19.799+0800","caller":"create/create.go:60","msg":"Succeed to create value -- 4923070"}
{"level":"INFO","time":"2022-04-14T23:02:20.809+0800","caller":"create/create.go:60","msg":"Succeed to create value -- 6397750"}
{"level":"INFO","time":"2022-04-14T23:02:21.828+0800","caller":"create/create.go:60","msg":"Succeed to create value -- 5402583"}
{"level":"INFO","time":"2022-04-14T23:02:22.835+0800","caller":"create/create.go:60","msg":"Succeed to create value -- 5048093"}
{"level":"INFO","time":"2022-04-14T23:02:23.845+0800","caller":"create/create.go:60","msg":"Succeed to create value -- 5048850"}
{"level":"INFO","time":"2022-04-14T23:02:24.848+0800","caller":"create/create.go:60","msg":"Succeed to create value -- 2582223"}
{"level":"INFO","time":"2022-04-14T23:02:25.860+0800","caller":"create/create.go:60","msg":"Succeed to create value -- 5262978"}
{"level":"INFO","time":"2022-04-14T23:02:26.866+0800","caller":"create/create.go:60","msg":"Succeed to create value -- 3815286"}
{"level":"INFO","time":"2022-04-14T23:02:27.874+0800","caller":"create/create.go:60","msg":"Succeed to create value -- 7156769"}
{"level":"INFO","time":"2022-04-14T23:02:28.888+0800","caller":"create/create.go:60","msg":"Succeed to create value -- 2076757"}
{"level":"INFO","time":"2022-04-14T23:02:29.905+0800","caller":"create/create.go:60","msg":"Succeed to create value -- 7039534"}
{"level":"INFO","time":"2022-04-14T23:02:30.917+0800","caller":"create/create.go:60","msg":"Succeed to create value -- 5156155"}
{"level":"INFO","time":"2022-04-14T23:02:31.925+0800","caller":"create/create.go:60","msg":"Succeed to create value -- 5699591"}
{"level":"INFO","time":"2022-04-14T23:02:32.932+0800","caller":"create/create.go:60","msg":"Succeed to create value -- 5070558"}
{"level":"INFO","time":"2022-04-14T23:02:33.940+0800","caller":"create/create.go:60","msg":"Succeed to create value -- 3086246"}
{"level":"INFO","time":"2022-04-14T23:02:34.950+0800","caller":"create/create.go:60","msg":"Succeed to create value -- 4635565"}
{"level":"INFO","time":"2022-04-14T23:02:35.954+0800","caller":"create/create.go:60","msg":"Succeed to create value -- 4258147"}
{"level":"INFO","time":"2022-04-14T23:02:36.964+0800","caller":"create/create.go:60","msg":"Succeed to create value -- 4855020"}
{"level":"INFO","time":"2022-04-14T23:02:37.971+0800","caller":"create/create.go:60","msg":"Succeed to create value -- 4481035"}
{"level":"INFO","time":"2022-04-14T23:02:38.977+0800","caller":"create/create.go:60","msg":"Succeed to create value -- 6386793"}
{"level":"INFO","time":"2022-04-14T23:02:39.989+0800","caller":"create/create.go:60","msg":"Succeed to create value -- 3957489"}
{"level":"INFO","time":"2022-04-14T23:02:41.000+0800","caller":"create/create.go:60","msg":"Succeed to create value -- 4171901"}
{"level":"INFO","time":"2022-04-14T23:02:42.008+0800","caller":"create/create.go:60","msg":"Succeed to create value -- 4174568"}
{"level":"INFO","time":"2022-04-14T23:02:43.016+0800","caller":"create/create.go:60","msg":"Succeed to create value -- 2200816"}
{"level":"INFO","time":"2022-04-14T23:02:44.026+0800","caller":"create/create.go:60","msg":"Succeed to create value -- 5501191"}
{"level":"INFO","time":"2022-04-14T23:02:45.037+0800","caller":"create/create.go:60","msg":"Succeed to create value -- 3021024"}
{"level":"INFO","time":"2022-04-14T23:02:46.047+0800","caller":"create/create.go:60","msg":"Succeed to create value -- 6271388"}
{"level":"INFO","time":"2022-04-14T23:02:47.053+0800","caller":"create/create.go:60","msg":"Succeed to create value -- 4871614"}
{"level":"INFO","time":"2022-04-14T23:02:48.067+0800","caller":"create/create.go:60","msg":"Succeed to create value -- 5811375"}
{"level":"INFO","time":"2022-04-14T23:02:49.079+0800","caller":"create/create.go:60","msg":"Succeed to create value -- 4566284"}
{"level":"INFO","time":"2022-04-14T23:02:50.090+0800","caller":"create/create.go:60","msg":"Succeed to create value -- 6462843"}
{"level":"INFO","time":"2022-04-14T23:02:51.095+0800","caller":"create/create.go:60","msg":"Succeed to create value -- 656572"}
{"level":"INFO","time":"2022-04-14T23:02:52.103+0800","caller":"create/create.go:60","msg":"Succeed to create value -- 3687320"}
{"level":"INFO","time":"2022-04-14T23:02:53.117+0800","caller":"create/create.go:60","msg":"Succeed to create value -- 4855889"}
{"level":"INFO","time":"2022-04-14T23:02:54.130+0800","caller":"create/create.go:60","msg":"Succeed to create value -- 5422113"}
{"level":"INFO","time":"2022-04-14T23:02:55.141+0800","caller":"create/create.go:60","msg":"Succeed to create value -- 5976299"}
{"level":"INFO","time":"2022-04-14T23:02:56.153+0800","caller":"create/create.go:60","msg":"Succeed to create value -- 5327925"}
{"level":"INFO","time":"2022-04-14T23:02:57.160+0800","caller":"create/create.go:60","msg":"Succeed to create value -- 3853125"}
{"level":"INFO","time":"2022-04-14T23:02:58.170+0800","caller":"create/create.go:60","msg":"Succeed to create value -- 3654802"}
{"level":"INFO","time":"2022-04-14T23:02:59.182+0800","caller":"create/create.go:60","msg":"Succeed to create value -- 6600652"}
{"level":"INFO","time":"2022-04-14T23:03:00.194+0800","caller":"create/create.go:60","msg":"Succeed to create value -- 3307561"}
{"level":"INFO","time":"2022-04-14T23:03:01.203+0800","caller":"create/create.go:60","msg":"Succeed to create value -- 4401543"}
{"level":"INFO","time":"2022-04-14T23:03:02.215+0800","caller":"create/create.go:60","msg":"Succeed to create value -- 6752099"}
{"level":"INFO","time":"2022-04-14T23:03:03.226+0800","caller":"create/create.go:60","msg":"Succeed to create value -- 2026118"}
{"level":"INFO","time":"2022-04-14T23:03:04.235+0800","caller":"create/create.go:60","msg":"Succeed to create value -- 2539132"}
{"level":"INFO","time":"2022-04-14T23:03:05.248+0800","caller":"create/create.go:60","msg":"Succeed to create value -- 5366791"}
{"level":"INFO","time":"2022-04-14T23:03:06.264+0800","caller":"create/create.go:60","msg":"Succeed to create value -- 4102386"}
{"level":"INFO","time":"2022-04-14T23:03:07.274+0800","caller":"create/create.go:60","msg":"Succeed to create value -- 7196365"}
{"level":"INFO","time":"2022-04-14T23:03:08.281+0800","caller":"create/create.go:60","msg":"Succeed to create value -- 4244238"}
{"level":"INFO","time":"2022-04-14T23:03:09.288+0800","caller":"create/create.go:60","msg":"Succeed to create value -- 9987047"}
{"level":"INFO","time":"2022-04-14T23:03:10.302+0800","caller":"create/create.go:60","msg":"Succeed to create value -- 5399169"}
{"level":"INFO","time":"2022-04-14T23:03:11.310+0800","caller":"create/create.go:60","msg":"Succeed to create value -- 2813899"}
{"level":"INFO","time":"2022-04-14T23:03:12.321+0800","caller":"create/create.go:60","msg":"Succeed to create value -- 2074954"}
{"level":"INFO","time":"2022-04-14T23:03:13.331+0800","caller":"create/create.go:60","msg":"Succeed to create value -- -325417"}
{"level":"INFO","time":"2022-04-14T23:03:14.341+0800","caller":"create/create.go:60","msg":"Succeed to create value -- 5326746"}
{"level":"INFO","time":"2022-04-14T23:03:15.350+0800","caller":"create/create.go:60","msg":"Succeed to create value -- 3737603"}
{"level":"INFO","time":"2022-04-14T23:03:16.358+0800","caller":"create/create.go:60","msg":"Succeed to create value -- 4527793"}
{"level":"INFO","time":"2022-04-14T23:03:17.367+0800","caller":"create/create.go:60","msg":"Succeed to create value -- 5827608"}
{"level":"INFO","time":"2022-04-14T23:03:18.373+0800","caller":"create/create.go:60","msg":"Succeed to create value -- 6192697"}
{"level":"INFO","time":"2022-04-14T23:03:19.378+0800","caller":"create/create.go:60","msg":"Succeed to create value -- 5567531"}
{"level":"INFO","time":"2022-04-14T23:03:20.388+0800","caller":"create/create.go:60","msg":"Succeed to create value -- 6189398"}
{"level":"INFO","time":"2022-04-14T23:03:21.401+0800","caller":"create/create.go:60","msg":"Succeed to create value -- 4191795"}
{"level":"INFO","time":"2022-04-14T23:03:22.410+0800","caller":"create/create.go:60","msg":"Succeed to create value -- 4676569"}
{"level":"INFO","time":"2022-04-14T23:03:23.420+0800","caller":"create/create.go:60","msg":"Succeed to create value -- 4929441"}
{"level":"INFO","time":"2022-04-14T23:03:24.424+0800","caller":"create/create.go:60","msg":"Succeed to create value -- 6389746"}
{"level":"INFO","time":"2022-04-14T23:03:25.430+0800","caller":"create/create.go:60","msg":"Succeed to create value -- 7018011"}
{"level":"INFO","time":"2022-04-14T23:03:26.437+0800","caller":"create/create.go:60","msg":"Succeed to create value -- 2531051"}
{"level":"INFO","time":"2022-04-14T23:03:27.439+0800","caller":"create/create.go:60","msg":"Succeed to create value -- 5832618"}
{"level":"INFO","time":"2022-04-14T23:03:28.453+0800","caller":"create/create.go:60","msg":"Succeed to create value -- 4579690"}
{"level":"INFO","time":"2022-04-14T23:03:29.462+0800","caller":"create/create.go:60","msg":"Succeed to create value -- 6496909"}
{"level":"INFO","time":"2022-04-14T23:03:30.469+0800","caller":"create/create.go:60","msg":"Succeed to create value -- 5525668"}
{"level":"INFO","time":"2022-04-14T23:03:31.484+0800","caller":"create/create.go:60","msg":"Succeed to create value -- 3618135"}
{"level":"INFO","time":"2022-04-14T23:03:32.496+0800","caller":"create/create.go:60","msg":"Succeed to create value -- 3179222"}
{"level":"INFO","time":"2022-04-14T23:03:33.502+0800","caller":"create/create.go:60","msg":"Succeed to create value -- 4984278"}
{"level":"INFO","time":"2022-04-14T23:03:34.503+0800","caller":"create/create.go:60","msg":"Succeed to create value -- 8924059"}
{"level":"INFO","time":"2022-04-14T23:03:35.507+0800","caller":"create/create.go:60","msg":"Succeed to create value -- 6283229"}
{"level":"INFO","time":"2022-04-14T23:03:36.512+0800","caller":"create/create.go:60","msg":"Succeed to create value -- 6164416"}
{"level":"INFO","time":"2022-04-14T23:03:37.528+0800","caller":"create/create.go:60","msg":"Succeed to create value -- 5834611"}
{"level":"INFO","time":"2022-04-14T23:03:38.544+0800","caller":"create/create.go:60","msg":"Succeed to create value -- 5851900"}
{"level":"INFO","time":"2022-04-14T23:03:39.552+0800","caller":"create/create.go:60","msg":"Succeed to create value -- 7420328"}
{"level":"INFO","time":"2022-04-14T23:03:40.563+0800","caller":"create/create.go:60","msg":"Succeed to create value -- 3961166"}
{"level":"INFO","time":"2022-04-14T23:03:41.575+0800","caller":"create/create.go:60","msg":"Succeed to create value -- 4297830"}
{"level":"INFO","time":"2022-04-14T23:03:42.583+0800","caller":"create/create.go:60","msg":"Succeed to create value -- 5224555"}
{"level":"INFO","time":"2022-04-14T23:03:43.595+0800","caller":"create/create.go:60","msg":"Succeed to create value -- 3981996"}
{"level":"INFO","time":"2022-04-14T23:03:44.602+0800","caller":"create/create.go:60","msg":"Succeed to create value -- 4247425"}
{"level":"INFO","time":"2022-04-14T23:03:45.608+0800","caller":"create/create.go:60","msg":"Succeed to create value -- 5821732"}
{"level":"INFO","time":"2022-04-14T23:03:46.611+0800","caller":"create/create.go:60","msg":"Succeed to create value -- 2049653"}
{"level":"INFO","time":"2022-04-14T23:03:47.615+0800","caller":"create/create.go:60","msg":"Succeed to create value -- 2870831"}
{"level":"INFO","time":"2022-04-14T23:03:48.623+0800","caller":"create/create.go:60","msg":"Succeed to create value -- 7042183"}
{"level":"INFO","time":"2022-04-14T23:03:49.628+0800","caller":"create/create.go:60","msg":"Succeed to create value -- 5166488"}
{"level":"INFO","time":"2022-04-14T23:03:50.636+0800","caller":"create/create.go:60","msg":"Succeed to create value -- 2258830"}
{"level":"INFO","time":"2022-04-14T23:03:51.642+0800","caller":"create/create.go:60","msg":"Succeed to create value -- 3457332"}
{"level":"INFO","time":"2022-04-14T23:03:52.651+0800","caller":"create/create.go:60","msg":"Succeed to create value -- 6963746"}
{"level":"INFO","time":"2022-04-14T23:03:53.653+0800","caller":"create/create.go:60","msg":"Succeed to create value -- 5917228"}
{"level":"INFO","time":"2022-04-14T23:03:54.663+0800","caller":"create/create.go:60","msg":"Succeed to create value -- 4442493"}
{"level":"INFO","time":"2022-04-14T23:03:55.667+0800","caller":"create/create.go:60","msg":"Succeed to create value -- 6209932"}
{"level":"INFO","time":"2022-04-14T23:03:56.671+0800","caller":"create/create.go:60","msg":"Succeed to create value -- 1555556"}
{"level":"INFO","time":"2022-04-14T23:03:57.673+0800","caller":"create/create.go:60","msg":"Succeed to create value -- 5721083"}
{"level":"INFO","time":"2022-04-14T23:03:58.685+0800","caller":"create/create.go:60","msg":"Succeed to create value -- 2221102"}
{"level":"INFO","time":"2022-04-14T23:03:59.701+0800","caller":"create/create.go:60","msg":"Succeed to create value -- 2607283"}
{"level":"INFO","time":"2022-04-14T23:04:00.716+0800","caller":"create/create.go:60","msg":"Succeed to create value -- 8852953"}
{"level":"INFO","time":"2022-04-14T23:04:01.722+0800","caller":"create/create.go:60","msg":"Succeed to create value -- 4852078"}
{"level":"INFO","time":"2022-04-14T23:04:02.745+0800","caller":"create/create.go:60","msg":"Succeed to create value -- 3025555"}
{"level":"INFO","time":"2022-04-14T23:04:03.755+0800","caller":"create/create.go:60","msg":"Succeed to create value -- 2506761"}
{"level":"INFO","time":"2022-04-14T23:04:04.761+0800","caller":"create/create.go:60","msg":"Succeed to create value -- 6215753"}
{"level":"INFO","time":"2022-04-14T23:04:05.768+0800","caller":"create/create.go:60","msg":"Succeed to create value -- 3956488"}
{"level":"INFO","time":"2022-04-14T23:04:06.775+0800","caller":"create/create.go:60","msg":"Succeed to create value -- 3592348"}
{"level":"INFO","time":"2022-04-14T23:04:07.785+0800","caller":"create/create.go:60","msg":"Succeed to create value -- 2941355"}
{"level":"INFO","time":"2022-04-14T23:04:08.790+0800","caller":"create/create.go:60","msg":"Succeed to create value -- 4987027"}
{"level":"INFO","time":"2022-04-14T23:04:09.798+0800","caller":"create/create.go:60","msg":"Succeed to create value -- 5952458"}
{"level":"INFO","time":"2022-04-14T23:04:10.805+0800","caller":"create/create.go:60","msg":"Succeed to create value -- 5160031"}
{"level":"INFO","time":"2022-04-14T23:04:11.819+0800","caller":"create/create.go:60","msg":"Succeed to create value -- 5180573"}
{"level":"INFO","time":"2022-04-14T23:04:12.827+0800","caller":"create/create.go:60","msg":"Succeed to create value -- 3491530"}
{"level":"INFO","time":"2022-04-14T23:04:13.831+0800","caller":"create/create.go:60","msg":"Succeed to create value -- 9093531"}
{"level":"INFO","time":"2022-04-14T23:04:14.842+0800","caller":"create/create.go:60","msg":"Succeed to create value -- 3977074"}
{"level":"INFO","time":"2022-04-14T23:04:15.855+0800","caller":"create/create.go:60","msg":"Succeed to create value -- 3685450"}
{"level":"INFO","time":"2022-04-14T23:04:16.865+0800","caller":"create/create.go:60","msg":"Succeed to create value -- 4824460"}
{"level":"INFO","time":"2022-04-14T23:04:17.868+0800","caller":"create/create.go:60","msg":"Succeed to create value -- 3609656"}
{"level":"INFO","time":"2022-04-14T23:04:18.870+0800","caller":"create/create.go:60","msg":"Succeed to create value -- 1932430"}
{"level":"INFO","time":"2022-04-14T23:04:19.872+0800","caller":"create/create.go:60","msg":"Succeed to create value -- 6813243"}
{"level":"INFO","time":"2022-04-14T23:04:20.880+0800","caller":"create/create.go:60","msg":"Succeed to create value -- 6291112"}
{"level":"INFO","time":"2022-04-14T23:04:21.891+0800","caller":"create/create.go:60","msg":"Succeed to create value -- 5367832"}
{"level":"INFO","time":"2022-04-14T23:04:22.900+0800","caller":"create/create.go:60","msg":"Succeed to create value -- 7375045"}
{"level":"INFO","time":"2022-04-14T23:04:23.909+0800","caller":"create/create.go:60","msg":"Succeed to create value -- 6446688"}
{"level":"INFO","time":"2022-04-14T23:04:24.919+0800","caller":"create/create.go:60","msg":"Succeed to create value -- 6737366"}
{"level":"INFO","time":"2022-04-14T23:04:25.927+0800","caller":"create/create.go:60","msg":"Succeed to create value -- 5040070"}
{"level":"INFO","time":"2022-04-14T23:04:26.933+0800","caller":"create/create.go:60","msg":"Succeed to create value -- 6304961"}
{"level":"INFO","time":"2022-04-14T23:04:27.941+0800","caller":"create/create.go:60","msg":"Succeed to create value -- 6156756"}
{"level":"INFO","time":"2022-04-14T23:04:28.951+0800","caller":"create/create.go:60","msg":"Succeed to create value -- 1711108"}
{"level":"INFO","time":"2022-04-14T23:04:29.960+0800","caller":"create/create.go:60","msg":"Succeed to create value -- 4388593"}
{"level":"INFO","time":"2022-04-14T23:04:30.969+0800","caller":"create/create.go:60","msg":"Succeed to create value -- 4437241"}
{"level":"INFO","time":"2022-04-14T23:04:31.979+0800","caller":"create/create.go:60","msg":"Succeed to create value -- 7359103"}
{"level":"INFO","time":"2022-04-14T23:04:32.990+0800","caller":"create/create.go:60","msg":"Succeed to create value -- 7605218"}
{"level":"INFO","time":"2022-04-14T23:04:33.995+0800","caller":"create/create.go:60","msg":"Succeed to create value -- 4955875"}
{"level":"INFO","time":"2022-04-14T23:04:35.003+0800","caller":"create/create.go:60","msg":"Succeed to create value -- 4527378"}
{"level":"INFO","time":"2022-04-14T23:04:36.010+0800","caller":"create/create.go:60","msg":"Succeed to create value -- 3640336"}
{"level":"INFO","time":"2022-04-14T23:04:37.020+0800","caller":"create/create.go:60","msg":"Succeed to create value -- 5601540"}
{"level":"INFO","time":"2022-04-14T23:04:38.023+0800","caller":"create/create.go:60","msg":"Succeed to create value -- 6480428"}
{"level":"INFO","time":"2022-04-14T23:04:39.035+0800","caller":"create/create.go:60","msg":"Succeed to create value -- 2757633"}
{"level":"INFO","time":"2022-04-14T23:04:40.045+0800","caller":"create/create.go:60","msg":"Succeed to create value -- 5031193"}
{"level":"INFO","time":"2022-04-14T23:04:41.062+0800","caller":"create/create.go:60","msg":"Succeed to create value -- 1605957"}
{"level":"INFO","time":"2022-04-14T23:04:42.073+0800","caller":"create/create.go:60","msg":"Succeed to create value -- 5614666"}
{"level":"INFO","time":"2022-04-14T23:04:43.080+0800","caller":"create/create.go:60","msg":"Succeed to create value -- 4335935"}
{"level":"INFO","time":"2022-04-14T23:04:44.087+0800","caller":"create/create.go:60","msg":"Succeed to create value -- 7559830"}
{"level":"INFO","time":"2022-04-14T23:04:45.093+0800","caller":"create/create.go:60","msg":"Succeed to create value -- 5864261"}
{"level":"INFO","time":"2022-04-14T23:04:46.100+0800","caller":"create/create.go:60","msg":"Succeed to create value -- 4145678"}
{"level":"INFO","time":"2022-04-14T23:04:47.108+0800","caller":"create/create.go:60","msg":"Succeed to create value -- 6234360"}
{"level":"INFO","time":"2022-04-14T23:04:48.120+0800","caller":"create/create.go:60","msg":"Succeed to create value -- 6003161"}
{"level":"INFO","time":"2022-04-14T23:04:49.126+0800","caller":"create/create.go:60","msg":"Succeed to create value -- 4102477"}
{"level":"INFO","time":"2022-04-14T23:04:50.135+0800","caller":"create/create.go:60","msg":"Succeed to create value -- 2131601"}
{"level":"INFO","time":"2022-04-14T23:04:51.142+0800","caller":"create/create.go:60","msg":"Succeed to create value -- 7944300"}
{"level":"INFO","time":"2022-04-14T23:04:52.144+0800","caller":"create/create.go:60","msg":"Succeed to create value -- 4947934"}
{"level":"INFO","time":"2022-04-14T23:04:53.149+0800","caller":"create/create.go:60","msg":"Succeed to create value -- 4508528"}
{"level":"INFO","time":"2022-04-14T23:04:54.157+0800","caller":"create/create.go:60","msg":"Succeed to create value -- 4579484"}
{"level":"INFO","time":"2022-04-14T23:04:55.161+0800","caller":"create/create.go:60","msg":"Succeed to create value -- 3322062"}
{"level":"INFO","time":"2022-04-14T23:04:56.172+0800","caller":"create/create.go:60","msg":"Succeed to create value -- 3530448"}
{"level":"INFO","time":"2022-04-14T23:04:57.179+0800","caller":"create/create.go:60","msg":"Succeed to create value -- 4000288"}
{"level":"INFO","time":"2022-04-14T23:04:58.186+0800","caller":"create/create.go:60","msg":"Succeed to create value -- 5279483"}
{"level":"INFO","time":"2022-04-14T23:04:59.200+0800","caller":"create/create.go:60","msg":"Succeed to create value -- 7073732"}
{"level":"INFO","time":"2022-04-14T23:05:00.207+0800","caller":"create/create.go:60","msg":"Succeed to create value -- 2627605"}
{"level":"INFO","time":"2022-04-14T23:05:01.219+0800","caller":"create/create.go:60","msg":"Succeed to create value -- 3933092"}
{"level":"INFO","time":"2022-04-14T23:05:02.229+0800","caller":"create/create.go:60","msg":"Succeed to create value -- 2290680"}
{"level":"INFO","time":"2022-04-14T23:05:03.234+0800","caller":"create/create.go:60","msg":"Succeed to create value -- 3831855"}
{"level":"INFO","time":"2022-04-14T23:05:04.243+0800","caller":"create/create.go:60","msg":"Succeed to create value -- 5593328"}
{"level":"INFO","time":"2022-04-14T23:05:05.246+0800","caller":"create/create.go:60","msg":"Succeed to create value -- 4213242"}
{"level":"INFO","time":"2022-04-14T23:05:06.253+0800","caller":"create/create.go:60","msg":"Succeed to create value -- 4157405"}
{"level":"INFO","time":"2022-04-14T23:05:07.267+0800","caller":"create/create.go:60","msg":"Succeed to create value -- 2610306"}
{"level":"INFO","time":"2022-04-14T23:05:08.271+0800","caller":"create/create.go:60","msg":"Succeed to create value -- 7367562"}
{"level":"INFO","time":"2022-04-14T23:05:09.279+0800","caller":"create/create.go:60","msg":"Succeed to create value -- 5377777"}
{"level":"INFO","time":"2022-04-14T23:05:10.284+0800","caller":"create/create.go:60","msg":"Succeed to create value -- 6747685"}
{"level":"INFO","time":"2022-04-14T23:05:11.295+0800","caller":"create/create.go:60","msg":"Succeed to create value -- 2582664"}
{"level":"INFO","time":"2022-04-14T23:05:12.305+0800","caller":"create/create.go:60","msg":"Succeed to create value -- 4831991"}
{"level":"INFO","time":"2022-04-14T23:05:13.312+0800","caller":"create/create.go:60","msg":"Succeed to create value -- 4352577"}
{"level":"INFO","time":"2022-04-14T23:05:14.317+0800","caller":"create/create.go:60","msg":"Succeed to create value -- 5311778"}
{"level":"INFO","time":"2022-04-14T23:05:15.323+0800","caller":"create/create.go:60","msg":"Succeed to create value -- 5483347"}
{"level":"INFO","time":"2022-04-14T23:05:16.332+0800","caller":"create/create.go:60","msg":"Succeed to create value -- 5278317"}
{"level":"INFO","time":"2022-04-14T23:05:17.338+0800","caller":"create/create.go:60","msg":"Succeed to create value -- 5672546"}
{"level":"INFO","time":"2022-04-14T23:05:18.345+0800","caller":"create/create.go:60","msg":"Succeed to create value -- 3978205"}
{"level":"INFO","time":"2022-04-14T23:05:19.354+0800","caller":"create/create.go:60","msg":"Succeed to create value -- 4143700"}
{"level":"INFO","time":"2022-04-14T23:05:20.369+0800","caller":"create/create.go:60","msg":"Succeed to create value -- 3411611"}
{"level":"INFO","time":"2022-04-14T23:05:21.376+0800","caller":"create/create.go:60","msg":"Succeed to create value -- 6762183"}
{"level":"INFO","time":"2022-04-14T23:05:22.385+0800","caller":"create/create.go:60","msg":"Succeed to create value -- 5585303"}
{"level":"INFO","time":"2022-04-14T23:05:23.391+0800","caller":"create/create.go:60","msg":"Succeed to create value -- 5407909"}
{"level":"INFO","time":"2022-04-14T23:05:24.399+0800","caller":"create/create.go:60","msg":"Succeed to create value -- 7382694"}
{"level":"INFO","time":"2022-04-14T23:05:25.406+0800","caller":"create/create.go:60","msg":"Succeed to create value -- 6117231"}
{"level":"INFO","time":"2022-04-14T23:05:26.418+0800","caller":"create/create.go:60","msg":"Succeed to create value -- 7776069"}
{"level":"INFO","time":"2022-04-14T23:05:27.427+0800","caller":"create/create.go:60","msg":"Succeed to create value -- 5847691"}
{"level":"INFO","time":"2022-04-14T23:05:28.435+0800","caller":"create/create.go:60","msg":"Succeed to create value -- 5756468"}
{"level":"INFO","time":"2022-04-14T23:05:29.444+0800","caller":"create/create.go:60","msg":"Succeed to create value -- 8502539"}
{"level":"INFO","time":"2022-04-14T23:05:30.453+0800","caller":"create/create.go:60","msg":"Succeed to create value -- 4046941"}
{"level":"INFO","time":"2022-04-14T23:05:31.463+0800","caller":"create/create.go:60","msg":"Succeed to create value -- 6681129"}
{"level":"INFO","time":"2022-04-14T23:05:32.472+0800","caller":"create/create.go:60","msg":"Succeed to create value -- 2958786"}
{"level":"INFO","time":"2022-04-14T23:05:33.483+0800","caller":"create/create.go:60","msg":"Succeed to create value -- 6691359"}
{"level":"INFO","time":"2022-04-14T23:05:34.495+0800","caller":"create/create.go:60","msg":"Succeed to create value -- 5907502"}
{"level":"INFO","time":"2022-04-14T23:05:35.504+0800","caller":"create/create.go:60","msg":"Succeed to create value -- 5386894"}
{"level":"INFO","time":"2022-04-14T23:05:36.511+0800","caller":"create/create.go:60","msg":"Succeed to create value -- 7353975"}
{"level":"INFO","time":"2022-04-14T23:05:37.518+0800","caller":"create/create.go:60","msg":"Succeed to create value -- 5007079"}
{"level":"INFO","time":"2022-04-14T23:05:38.529+0800","caller":"create/create.go:60","msg":"Succeed to create value -- 10443593"}
{"level":"INFO","time":"2022-04-14T23:05:39.542+0800","caller":"create/create.go:60","msg":"Succeed to create value -- 6237736"}
{"level":"INFO","time":"2022-04-14T23:05:40.549+0800","caller":"create/create.go:60","msg":"Succeed to create value -- 3497278"}
{"level":"INFO","time":"2022-04-14T23:05:41.557+0800","caller":"create/create.go:60","msg":"Succeed to create value -- 7019993"}
{"level":"INFO","time":"2022-04-14T23:05:42.568+0800","caller":"create/create.go:60","msg":"Succeed to create value -- 6909995"}
{"level":"INFO","time":"2022-04-14T23:05:43.580+0800","caller":"create/create.go:60","msg":"Succeed to create value -- 7146973"}
{"level":"INFO","time":"2022-04-14T23:05:44.590+0800","caller":"create/create.go:60","msg":"Succeed to create value -- 4073451"}
{"level":"INFO","time":"2022-04-14T23:05:45.596+0800","caller":"create/create.go:60","msg":"Succeed to create value -- 2428798"}
{"level":"INFO","time":"2022-04-14T23:05:46.599+0800","caller":"create/create.go:60","msg":"Succeed to create value -- 4964322"}
{"level":"INFO","time":"2022-04-14T23:05:47.606+0800","caller":"create/create.go:60","msg":"Succeed to create value -- 5333089"}
{"level":"INFO","time":"2022-04-14T23:05:48.615+0800","caller":"create/create.go:60","msg":"Succeed to create value -- 7230098"}
{"level":"INFO","time":"2022-04-14T23:05:49.623+0800","caller":"create/create.go:60","msg":"Succeed to create value -- 4147887"}
{"level":"INFO","time":"2022-04-14T23:05:50.636+0800","caller":"create/create.go:60","msg":"Succeed to create value -- 4883788"}
{"level":"INFO","time":"2022-04-14T23:05:51.645+0800","caller":"create/create.go:60","msg":"Succeed to create value -- 5863062"}
{"level":"INFO","time":"2022-04-14T23:05:52.659+0800","caller":"create/create.go:60","msg":"Succeed to create value -- 5577229"}
{"level":"INFO","time":"2022-04-14T23:05:53.675+0800","caller":"create/create.go:60","msg":"Succeed to create value -- 6637513"}
{"level":"INFO","time":"2022-04-14T23:05:54.684+0800","caller":"create/create.go:60","msg":"Succeed to create value -- 7066885"}
{"level":"INFO","time":"2022-04-14T23:05:55.699+0800","caller":"create/create.go:60","msg":"Succeed to create value -- 3987125"}
{"level":"INFO","time":"2022-04-14T23:05:56.715+0800","caller":"create/create.go:60","msg":"Succeed to create value -- 4369928"}
{"level":"INFO","time":"2022-04-14T23:05:57.732+0800","caller":"create/create.go:60","msg":"Succeed to create value -- 1338454"}
{"level":"INFO","time":"2022-04-14T23:05:58.737+0800","caller":"create/create.go:60","msg":"Succeed to create value -- 8934773"}
{"level":"INFO","time":"2022-04-14T23:05:59.746+0800","caller":"create/create.go:60","msg":"Succeed to create value -- 8259390"}
{"level":"INFO","time":"2022-04-14T23:06:00.751+0800","caller":"create/create.go:60","msg":"Succeed to create value -- 2027682"}
{"level":"INFO","time":"2022-04-14T23:06:01.760+0800","caller":"create/create.go:60","msg":"Succeed to create value -- 3509683"}
{"level":"INFO","time":"2022-04-14T23:06:02.775+0800","caller":"create/create.go:60","msg":"Succeed to create value -- 2146716"}
{"level":"INFO","time":"2022-04-14T23:06:03.779+0800","caller":"create/create.go:60","msg":"Succeed to create value -- 5054448"}
{"level":"INFO","time":"2022-04-14T23:06:04.787+0800","caller":"create/create.go:60","msg":"Succeed to create value -- 6621931"}
{"level":"INFO","time":"2022-04-14T23:06:05.795+0800","caller":"create/create.go:60","msg":"Succeed to create value -- 5117086"}
{"level":"INFO","time":"2022-04-14T23:06:06.809+0800","caller":"create/create.go:60","msg":"Succeed to create value -- 7571164"}
{"level":"INFO","time":"2022-04-14T23:06:07.816+0800","caller":"create/create.go:60","msg":"Succeed to create value -- 1006792"}
{"level":"INFO","time":"2022-04-14T23:06:08.821+0800","caller":"create/create.go:60","msg":"Succeed to create value -- 5959833"}
{"level":"INFO","time":"2022-04-14T23:06:09.836+0800","caller":"create/create.go:60","msg":"Succeed to create value -- 3528925"}
{"level":"INFO","time":"2022-04-14T23:06:10.845+0800","caller":"create/create.go:60","msg":"Succeed to create value -- 4379405"}
{"level":"INFO","time":"2022-04-14T23:06:11.852+0800","caller":"create/create.go:60","msg":"Succeed to create value -- 2767665"}
{"level":"INFO","time":"2022-04-14T23:06:12.855+0800","caller":"create/create.go:60","msg":"Succeed to create value -- 8476172"}
{"level":"INFO","time":"2022-04-14T23:06:13.867+0800","caller":"create/create.go:60","msg":"Succeed to create value -- 2401477"}
{"level":"INFO","time":"2022-04-14T23:06:14.872+0800","caller":"create/create.go:60","msg":"Succeed to create value -- 7188646"}
{"level":"INFO","time":"2022-04-14T23:06:15.879+0800","caller":"create/create.go:60","msg":"Succeed to create value -- 6063962"}
{"level":"INFO","time":"2022-04-14T23:06:16.884+0800","caller":"create/create.go:60","msg":"Succeed to create value -- 1228833"}
{"level":"INFO","time":"2022-04-14T23:06:17.892+0800","caller":"create/create.go:60","msg":"Succeed to create value -- 7039404"}
{"level":"INFO","time":"2022-04-14T23:06:18.894+0800","caller":"create/create.go:60","msg":"Succeed to create value -- 6959253"}
{"level":"INFO","time":"2022-04-14T23:06:19.907+0800","caller":"create/create.go:60","msg":"Succeed to create value -- 4193101"}
{"level":"INFO","time":"2022-04-14T23:06:20.908+0800","caller":"create/create.go:60","msg":"Succeed to create value -- 5481346"}
{"level":"INFO","time":"2022-04-14T23:06:21.917+0800","caller":"create/create.go:60","msg":"Succeed to create value -- 4866575"}
{"level":"INFO","time":"2022-04-14T23:06:22.920+0800","caller":"create/create.go:60","msg":"Succeed to create value -- 4701481"}
{"level":"INFO","time":"2022-04-14T23:06:23.924+0800","caller":"create/create.go:60","msg":"Succeed to create value -- 6732278"}
{"level":"INFO","time":"2022-04-14T23:06:24.936+0800","caller":"create/create.go:60","msg":"Succeed to create value -- 3951950"}
{"level":"INFO","time":"2022-04-14T23:06:25.953+0800","caller":"create/create.go:60","msg":"Succeed to create value -- 3539992"}
{"level":"INFO","time":"2022-04-14T23:06:26.960+0800","caller":"create/create.go:60","msg":"Succeed to create value -- 9607681"}
{"level":"INFO","time":"2022-04-14T23:06:27.976+0800","caller":"create/create.go:60","msg":"Succeed to create value -- 2784810"}
{"level":"INFO","time":"2022-04-14T23:06:29.001+0800","caller":"create/create.go:60","msg":"Succeed to create value -- 5761480"}
{"level":"INFO","time":"2022-04-14T23:06:30.012+0800","caller":"create/create.go:60","msg":"Succeed to create value -- 4098469"}
{"level":"INFO","time":"2022-04-14T23:06:31.021+0800","caller":"create/create.go:60","msg":"Succeed to create value -- 4834629"}
{"level":"INFO","time":"2022-04-14T23:06:32.028+0800","caller":"create/create.go:60","msg":"Succeed to create value -- 7282499"}
{"level":"INFO","time":"2022-04-14T23:06:33.035+0800","caller":"create/create.go:60","msg":"Succeed to create value -- 2337224"}
{"level":"INFO","time":"2022-04-14T23:06:34.055+0800","caller":"create/create.go:60","msg":"Succeed to create value -- 6503768"}
{"level":"INFO","time":"2022-04-14T23:06:35.061+0800","caller":"create/create.go:60","msg":"Succeed to create value -- 3759256"}
{"level":"INFO","time":"2022-04-14T23:06:36.067+0800","caller":"create/create.go:60","msg":"Succeed to create value -- 3254493"}
{"level":"INFO","time":"2022-04-14T23:06:37.076+0800","caller":"create/create.go:60","msg":"Succeed to create value -- 3499592"}
{"level":"INFO","time":"2022-04-14T23:06:38.083+0800","caller":"create/create.go:60","msg":"Succeed to create value -- 2588059"}
{"level":"INFO","time":"2022-04-14T23:06:39.087+0800","caller":"create/create.go:60","msg":"Succeed to create value -- 3299129"}
{"level":"INFO","time":"2022-04-14T23:06:40.099+0800","caller":"create/create.go:60","msg":"Succeed to create value -- 6995655"}
{"level":"INFO","time":"2022-04-14T23:06:41.103+0800","caller":"create/create.go:60","msg":"Succeed to create value -- 5614884"}
{"level":"INFO","time":"2022-04-14T23:06:42.109+0800","caller":"create/create.go:60","msg":"Succeed to create value -- 5154616"}
{"level":"INFO","time":"2022-04-14T23:06:43.120+0800","caller":"create/create.go:60","msg":"Succeed to create value -- 5719304"}
{"level":"INFO","time":"2022-04-14T23:06:44.125+0800","caller":"create/create.go:60","msg":"Succeed to create value -- 5914950"}
{"level":"INFO","time":"2022-04-14T23:06:45.136+0800","caller":"create/create.go:60","msg":"Succeed to create value -- 7899056"}
{"level":"INFO","time":"2022-04-14T23:06:46.143+0800","caller":"create/create.go:60","msg":"Succeed to create value -- 3014174"}
{"level":"INFO","time":"2022-04-14T23:06:47.149+0800","caller":"create/create.go:60","msg":"Succeed to create value -- 6803104"}
{"level":"INFO","time":"2022-04-14T23:06:48.153+0800","caller":"create/create.go:60","msg":"Succeed to create value -- 4143322"}
{"level":"INFO","time":"2022-04-14T23:06:49.159+0800","caller":"create/create.go:60","msg":"Succeed to create value -- 6100195"}
{"level":"INFO","time":"2022-04-14T23:06:50.165+0800","caller":"create/create.go:60","msg":"Succeed to create value -- 5091348"}
{"level":"INFO","time":"2022-04-14T23:06:51.169+0800","caller":"create/create.go:60","msg":"Succeed to create value -- 3064549"}
{"level":"INFO","time":"2022-04-14T23:06:52.171+0800","caller":"create/create.go:60","msg":"Succeed to create value -- 4888098"}
{"level":"INFO","time":"2022-04-14T23:06:53.186+0800","caller":"create/create.go:60","msg":"Succeed to create value -- 5905142"}
{"level":"INFO","time":"2022-04-14T23:06:54.202+0800","caller":"create/create.go:60","msg":"Succeed to create value -- 4402446"}
{"level":"INFO","time":"2022-04-14T23:06:55.205+0800","caller":"create/create.go:60","msg":"Succeed to create value -- 1621543"}
{"level":"INFO","time":"2022-04-14T23:06:56.212+0800","caller":"create/create.go:60","msg":"Succeed to create value -- 4304012"}
{"level":"INFO","time":"2022-04-14T23:06:57.220+0800","caller":"create/create.go:60","msg":"Succeed to create value -- 3136736"}
{"level":"INFO","time":"2022-04-14T23:06:58.230+0800","caller":"create/create.go:60","msg":"Succeed to create value -- 6981370"}
{"level":"INFO","time":"2022-04-14T23:06:59.237+0800","caller":"create/create.go:60","msg":"Succeed to create value -- 4907540"}
{"level":"INFO","time":"2022-04-14T23:07:00.241+0800","caller":"create/create.go:60","msg":"Succeed to create value -- 4263554"}
{"level":"INFO","time":"2022-04-14T23:07:01.245+0800","caller":"create/create.go:60","msg":"Succeed to create value -- 5064755"}
{"level":"INFO","time":"2022-04-14T23:07:02.253+0800","caller":"create/create.go:60","msg":"Succeed to create value -- 6423663"}
{"level":"INFO","time":"2022-04-14T23:07:03.259+0800","caller":"create/create.go:60","msg":"Succeed to create value -- 4857308"}
{"level":"INFO","time":"2022-04-14T23:07:04.268+0800","caller":"create/create.go:60","msg":"Succeed to create value -- 3445789"}
{"level":"INFO","time":"2022-04-14T23:07:05.280+0800","caller":"create/create.go:60","msg":"Succeed to create value -- 6137365"}
{"level":"INFO","time":"2022-04-14T23:07:06.284+0800","caller":"create/create.go:60","msg":"Succeed to create value -- 5773247"}
{"level":"INFO","time":"2022-04-14T23:07:07.297+0800","caller":"create/create.go:60","msg":"Succeed to create value -- 4447605"}
{"level":"INFO","time":"2022-04-14T23:07:08.302+0800","caller":"create/create.go:60","msg":"Succeed to create value -- 6686032"}
{"level":"INFO","time":"2022-04-14T23:07:09.312+0800","caller":"create/create.go:60","msg":"Succeed to create value -- 5354046"}
{"level":"INFO","time":"2022-04-14T23:07:10.319+0800","caller":"create/create.go:60","msg":"Succeed to create value -- 4535838"}
{"level":"INFO","time":"2022-04-14T23:07:11.332+0800","caller":"create/create.go:60","msg":"Succeed to create value -- 7458757"}
{"level":"INFO","time":"2022-04-14T23:07:12.339+0800","caller":"create/create.go:60","msg":"Succeed to create value -- 3609619"}
{"level":"INFO","time":"2022-04-14T23:07:13.348+0800","caller":"create/create.go:60","msg":"Succeed to create value -- 1866943"}
{"level":"INFO","time":"2022-04-14T23:07:14.353+0800","caller":"create/create.go:60","msg":"Succeed to create value -- 3481409"}
{"level":"INFO","time":"2022-04-14T23:07:15.367+0800","caller":"create/create.go:60","msg":"Succeed to create value -- 2840721"}
{"level":"INFO","time":"2022-04-14T23:07:16.378+0800","caller":"create/create.go:60","msg":"Succeed to create value -- 7143741"}
{"level":"INFO","time":"2022-04-14T23:07:17.385+0800","caller":"create/create.go:60","msg":"Succeed to create value -- 6475930"}
{"level":"INFO","time":"2022-04-14T23:07:18.393+0800","caller":"create/create.go:60","msg":"Succeed to create value -- 4757009"}
{"level":"INFO","time":"2022-04-14T23:07:19.404+0800","caller":"create/create.go:60","msg":"Succeed to create value -- 7239947"}
{"level":"INFO","time":"2022-04-14T23:07:20.414+0800","caller":"create/create.go:60","msg":"Succeed to create value -- 2406408"}
{"level":"INFO","time":"2022-04-14T23:07:21.424+0800","caller":"create/create.go:60","msg":"Succeed to create value -- 6146800"}
{"level":"INFO","time":"2022-04-14T23:07:22.431+0800","caller":"create/create.go:60","msg":"Succeed to create value -- 1653032"}
{"level":"INFO","time":"2022-04-14T23:07:23.439+0800","caller":"create/create.go:60","msg":"Succeed to create value -- 3302689"}
{"level":"INFO","time":"2022-04-14T23:07:24.444+0800","caller":"create/create.go:60","msg":"Succeed to create value -- 7788464"}
{"level":"INFO","time":"2022-04-14T23:07:25.458+0800","caller":"create/create.go:60","msg":"Succeed to create value -- 7173954"}
{"level":"INFO","time":"2022-04-14T23:07:26.474+0800","caller":"create/create.go:60","msg":"Succeed to create value -- 6962083"}
{"level":"INFO","time":"2022-04-14T23:07:27.485+0800","caller":"create/create.go:60","msg":"Succeed to create value -- 7712190"}
{"level":"INFO","time":"2022-04-14T23:07:28.490+0800","caller":"create/create.go:60","msg":"Succeed to create value -- 5797944"}
{"level":"INFO","time":"2022-04-14T23:07:29.505+0800","caller":"create/create.go:60","msg":"Succeed to create value -- 5513506"}
{"level":"INFO","time":"2022-04-14T23:07:30.515+0800","caller":"create/create.go:60","msg":"Succeed to create value -- 5781058"}
{"level":"INFO","time":"2022-04-14T23:07:31.526+0800","caller":"create/create.go:60","msg":"Succeed to create value -- 5464899"}
{"level":"INFO","time":"2022-04-14T23:07:32.531+0800","caller":"create/create.go:60","msg":"Succeed to create value -- 3729969"}
{"level":"INFO","time":"2022-04-14T23:07:33.538+0800","caller":"create/create.go:60","msg":"Succeed to create value -- 6920647"}
{"level":"INFO","time":"2022-04-14T23:07:34.545+0800","caller":"create/create.go:60","msg":"Succeed to create value -- 5440601"}
{"level":"INFO","time":"2022-04-14T23:07:35.551+0800","caller":"create/create.go:60","msg":"Succeed to create value -- 5386004"}
{"level":"INFO","time":"2022-04-14T23:07:36.559+0800","caller":"create/create.go:60","msg":"Succeed to create value -- 7972455"}
{"level":"INFO","time":"2022-04-14T23:07:37.566+0800","caller":"create/create.go:60","msg":"Succeed to create value -- 3932518"}
{"level":"INFO","time":"2022-04-14T23:07:38.574+0800","caller":"create/create.go:60","msg":"Succeed to create value -- 5530974"}
{"level":"INFO","time":"2022-04-14T23:07:39.585+0800","caller":"create/create.go:60","msg":"Succeed to create value -- 5349947"}
{"level":"INFO","time":"2022-04-14T23:07:40.592+0800","caller":"create/create.go:60","msg":"Succeed to create value -- 5878216"}
{"level":"INFO","time":"2022-04-14T23:07:41.602+0800","caller":"create/create.go:60","msg":"Succeed to create value -- 5922409"}
{"level":"INFO","time":"2022-04-14T23:07:42.611+0800","caller":"create/create.go:60","msg":"Succeed to create value -- 6202811"}
{"level":"INFO","time":"2022-04-14T23:07:43.613+0800","caller":"create/create.go:60","msg":"Succeed to create value -- 3566704"}
{"level":"INFO","time":"2022-04-14T23:07:44.625+0800","caller":"create/create.go:60","msg":"Succeed to create value -- 4563664"}
{"level":"INFO","time":"2022-04-14T23:07:45.631+0800","caller":"create/create.go:60","msg":"Succeed to create value -- 2265687"}
{"level":"INFO","time":"2022-04-14T23:07:46.639+0800","caller":"create/create.go:60","msg":"Succeed to create value -- 2622386"}
{"level":"INFO","time":"2022-04-14T23:07:47.646+0800","caller":"create/create.go:60","msg":"Succeed to create value -- 4303280"}
{"level":"INFO","time":"2022-04-14T23:07:48.662+0800","caller":"create/create.go:60","msg":"Succeed to create value -- 4930770"}
{"level":"INFO","time":"2022-04-14T23:07:49.663+0800","caller":"create/create.go:60","msg":"Succeed to create value -- 1739227"}
{"level":"INFO","time":"2022-04-14T23:07:50.671+0800","caller":"create/create.go:60","msg":"Succeed to create value -- 6130160"}
{"level":"INFO","time":"2022-04-14T23:07:51.682+0800","caller":"create/create.go:60","msg":"Succeed to create value -- 5640698"}
{"level":"INFO","time":"2022-04-14T23:07:52.688+0800","caller":"create/create.go:60","msg":"Succeed to create value -- 4819168"}
{"level":"INFO","time":"2022-04-14T23:07:53.694+0800","caller":"create/create.go:60","msg":"Succeed to create value -- 5827435"}
{"level":"INFO","time":"2022-04-14T23:07:54.696+0800","caller":"create/create.go:60","msg":"Succeed to create value -- 6456542"}
{"level":"INFO","time":"2022-04-14T23:07:55.712+0800","caller":"create/create.go:60","msg":"Succeed to create value -- 8389422"}
{"level":"INFO","time":"2022-04-14T23:07:56.724+0800","caller":"create/create.go:60","msg":"Succeed to create value -- 5017130"}
{"level":"INFO","time":"2022-04-14T23:07:57.729+0800","caller":"create/create.go:60","msg":"Succeed to create value -- 3165467"}
{"level":"INFO","time":"2022-04-14T23:07:58.741+0800","caller":"create/create.go:60","msg":"Succeed to create value -- 6781542"}
{"level":"INFO","time":"2022-04-14T23:07:59.750+0800","caller":"create/create.go:60","msg":"Succeed to create value -- 5254449"}
{"level":"INFO","time":"2022-04-14T23:08:00.753+0800","caller":"create/create.go:60","msg":"Succeed to create value -- 5787188"}
{"level":"INFO","time":"2022-04-14T23:08:01.766+0800","caller":"create/create.go:60","msg":"Succeed to create value -- 6319860"}
{"level":"INFO","time":"2022-04-14T23:08:02.778+0800","caller":"create/create.go:60","msg":"Succeed to create value -- 7663006"}
{"level":"INFO","time":"2022-04-14T23:08:03.789+0800","caller":"create/create.go:60","msg":"Succeed to create value -- 4411141"}
{"level":"INFO","time":"2022-04-14T23:08:04.810+0800","caller":"create/create.go:60","msg":"Succeed to create value -- 6740814"}
{"level":"INFO","time":"2022-04-14T23:08:05.823+0800","caller":"create/create.go:60","msg":"Succeed to create value -- 6684484"}
{"level":"INFO","time":"2022-04-14T23:08:06.834+0800","caller":"create/create.go:60","msg":"Succeed to create value -- 7009822"}
{"level":"INFO","time":"2022-04-14T23:08:07.842+0800","caller":"create/create.go:60","msg":"Succeed to create value -- 8275856"}
{"level":"INFO","time":"2022-04-14T23:08:08.850+0800","caller":"create/create.go:60","msg":"Succeed to create value -- 3499889"}
{"level":"INFO","time":"2022-04-14T23:08:09.853+0800","caller":"create/create.go:60","msg":"Succeed to create value -- 4831884"}
{"level":"INFO","time":"2022-04-14T23:08:10.862+0800","caller":"create/create.go:60","msg":"Succeed to create value -- 7012473"}
{"level":"INFO","time":"2022-04-14T23:08:11.873+0800","caller":"create/create.go:60","msg":"Succeed to create value -- 6502426"}
{"level":"INFO","time":"2022-04-14T23:08:12.887+0800","caller":"create/create.go:60","msg":"Succeed to create value -- 5425310"}
{"level":"INFO","time":"2022-04-14T23:08:13.902+0800","caller":"create/create.go:60","msg":"Succeed to create value -- 3698939"}
{"level":"INFO","time":"2022-04-14T23:08:14.914+0800","caller":"create/create.go:60","msg":"Succeed to create value -- 3081683"}
{"level":"INFO","time":"2022-04-14T23:08:15.927+0800","caller":"create/create.go:60","msg":"Succeed to create value -- 4900600"}
{"level":"INFO","time":"2022-04-14T23:08:16.937+0800","caller":"create/create.go:60","msg":"Succeed to create value -- 7273406"}
{"level":"INFO","time":"2022-04-14T23:08:17.950+0800","caller":"create/create.go:60","msg":"Succeed to create value -- 4282289"}
{"level":"INFO","time":"2022-04-14T23:08:18.960+0800","caller":"create/create.go:60","msg":"Succeed to create value -- 3814888"}
